Using pre-set license

 COMMAND LINE ARGUMENTS:
/Applications/Unity/Unity.app/Contents/MacOS/Unity
-adb2
-batchMode
-noUpm
-name
AssetImportWorker0
-projectPath
/Users/barissaygi/Documents/GitHub/BattleSys/FightSystem
-logFile
Logs/AssetImportWorker0.log
-srvPort
52032
Successfully changed project path to: /Users/barissaygi/Documents/GitHub/BattleSys/FightSystem
/Users/barissaygi/Documents/GitHub/BattleSys/FightSystem
Using Asset Import Pipeline V2.
Refreshing native plugins compatible for Editor in 55.95 ms, found 2 plugins.
Preloading 0 native plugins for Editor in 0.00 ms.
Initialize engine version: 2020.3.6f1 (338bb68529b2)
[Subsystems] Discovering subsystems at path /Applications/Unity/Unity.app/Contents/Resources/UnitySubsystems
[Subsystems] Discovering subsystems at path /Users/barissaygi/Documents/GitHub/BattleSys/FightSystem/Assets
GfxDevice: creating device client; threaded=0
2021-09-28 19:27:26.397 Unity[5001:161146] Color LCD preferred device: Intel(R) Iris(TM) Plus Graphics (low power)
2021-09-28 19:27:26.397 Unity[5001:161146] Metal devices available: 1
2021-09-28 19:27:26.397 Unity[5001:161146] 0: Intel(R) Iris(TM) Plus Graphics (low power)
2021-09-28 19:27:26.400 Unity[5001:161146] Using device Intel(R) Iris(TM) Plus Graphics (low power)
Initializing Metal device caps: Intel(R) Iris(TM) Plus Graphics
Initialize mono
Mono path[0] = '/Applications/Unity/Unity.app/Contents/Managed'
Mono path[1] = '/Applications/Unity/Unity.app/Contents/MonoBleedingEdge/lib/mono/unityjit'
Mono config path = '/Applications/Unity/Unity.app/Contents/MonoBleedingEdge/etc'
Using monoOptions --debugger-agent=transport=dt_socket,embedding=1,server=y,suspend=n,address=127.0.0.1:56001
Begin MonoManager ReloadAssembly
Registering precompiled unity dll's ...
Register platform support module: /Applications/Unity/Unity.app/Contents/PlaybackEngines/MacStandaloneSupport/UnityEditor.OSXStandalone.Extensions.dll
Register platform support module: /Applications/Unity/PlaybackEngines/WindowsStandaloneSupport/UnityEditor.WindowsStandalone.Extensions.dll
Registered in 0.003918 seconds.
Native extension for WindowsStandalone target not found
Native extension for OSXStandalone target not found
Refreshing native plugins compatible for Editor in 67.63 ms, found 2 plugins.
Preloading 0 native plugins for Editor in 0.00 ms.
Mono: successfully reloaded assembly
- Completed reload, in  2.114 seconds
Platform modules already initialized, skipping
Registering precompiled user dll's ...
Registered in 0.001489 seconds.
Begin MonoManager ReloadAssembly
Native extension for WindowsStandalone target not found
Native extension for OSXStandalone target not found
Refreshing native plugins compatible for Editor in 56.59 ms, found 2 plugins.
Preloading 0 native plugins for Editor in 0.00 ms.
Mono: successfully reloaded assembly
- Completed reload, in  1.475 seconds
Platform modules already initialized, skipping
========================================================================
Worker process is ready to serve import requests
Launching external process: /Applications/Unity/Unity.app/Contents/Tools/UnityShaderCompiler
Launched and connected shader compiler UnityShaderCompiler after 0.02 seconds
Refreshing native plugins compatible for Editor in 0.41 ms, found 2 plugins.
Preloading 0 native plugins for Editor in 0.00 ms.
Unloading 1823 Unused Serialized files (Serialized files now loaded: 0)
System memory in use before: 143.0 MB.
System memory in use after: 143.0 MB.

Unloading 24 unused Assets to reduce memory usage. Loaded Objects now: 2265.
Total: 2.205923 ms (FindLiveObjects: 0.230942 ms CreateObjectMapping: 0.090172 ms MarkObjects: 1.744463 ms  DeleteObjects: 0.138813 ms)

========================================================================
Received Import Request.
  path: Assets/Battle/GameScene.unity
  artifactKey: Guid(c901dfd81535d9846a28a95d94df8475) Importer(815301076,1909f56bfc062723c751e8b465ee728b)
Start importing Assets/Battle/GameScene.unity using Guid(c901dfd81535d9846a28a95d94df8475) Importer(815301076,1909f56bfc062723c751e8b465ee728b)  -> (artifact id: '5a33b217c19bcc45ab13849ec5727305') in 0.017896 seconds
  Import took 0.023004 seconds .

========================================================================
Received Import Request.
  Time since last request: 0.000310 seconds.
  path: Assets/Battle
  artifactKey: Guid(5c02d1e137e854dd0ac7115b3340bf49) Importer(815301076,1909f56bfc062723c751e8b465ee728b)
Start importing Assets/Battle using Guid(5c02d1e137e854dd0ac7115b3340bf49) Importer(815301076,1909f56bfc062723c751e8b465ee728b)  -> (artifact id: 'f87a9c9d82c139cd70cd296555711091') in 0.001410 seconds
  Import took 0.006354 seconds .

========================================================================
Received Import Request.
  Time since last request: 0.000471 seconds.
  path: Assets/Scenes
  artifactKey: Guid(047adf0ccba6349a7afe628c568fa373) Importer(815301076,1909f56bfc062723c751e8b465ee728b)
Start importing Assets/Scenes using Guid(047adf0ccba6349a7afe628c568fa373) Importer(815301076,1909f56bfc062723c751e8b465ee728b)  -> (artifact id: '18e6fa429a18260e0474cb46a278a4bf') in 0.001540 seconds
  Import took 0.006492 seconds .

========================================================================
Received Import Request.
  Time since last request: 0.000365 seconds.
  path: Assets/Scenes/SampleScene.unity
  artifactKey: Guid(2cda990e2423bbf4892e6590ba056729) Importer(815301076,1909f56bfc062723c751e8b465ee728b)
Start importing Assets/Scenes/SampleScene.unity using Guid(2cda990e2423bbf4892e6590ba056729) Importer(815301076,1909f56bfc062723c751e8b465ee728b)  -> (artifact id: 'caf595eaeb10e7fcd37cdd758b995f25') in 0.001286 seconds
  Import took 0.004288 seconds .

========================================================================
Received Import Request.
  Time since last request: 0.000266 seconds.
  path: Assets/Battle/Entity Database.asset
  artifactKey: Guid(c61419c0ba61a754ea7c616a6ff94c10) Importer(815301076,1909f56bfc062723c751e8b465ee728b)
Start importing Assets/Battle/Entity Database.asset using Guid(c61419c0ba61a754ea7c616a6ff94c10) Importer(815301076,1909f56bfc062723c751e8b465ee728b)  -> (artifact id: '71c81c6efd5c8e291e684171d007e30e') in 0.604955 seconds
  Import took 0.608897 seconds .

========================================================================
Received Import Request.
  Time since last request: 0.000191 seconds.
  path: Assets/Battle/GameScene.unity
  artifactKey: Guid(c901dfd81535d9846a28a95d94df8475) Importer(815301076,1909f56bfc062723c751e8b465ee728b)
Start importing Assets/Battle/GameScene.unity using Guid(c901dfd81535d9846a28a95d94df8475) Importer(815301076,1909f56bfc062723c751e8b465ee728b)  -> (artifact id: '5a33b217c19bcc45ab13849ec5727305') in 0.001451 seconds
  Import took 0.006037 seconds .

========================================================================
Received Import Request.
  Time since last request: 0.000298 seconds.
  path: Assets/Battle/swqu.jpg
  artifactKey: Guid(ae5d8519707fea040832463fb383a7c1) Importer(815301076,1909f56bfc062723c751e8b465ee728b)
Start importing Assets/Battle/swqu.jpg using Guid(ae5d8519707fea040832463fb383a7c1) Importer(815301076,1909f56bfc062723c751e8b465ee728b)  -> (artifact id: 'f12ee30f81bd46b9b51b6ccd8d35cf62') in 0.733880 seconds
  Import took 0.738287 seconds .

========================================================================
Received Import Request.
  Time since last request: 0.000280 seconds.
  path: Assets/Battle/PrefabBrush.asset
  artifactKey: Guid(bfc2b5ff9b50b914c9c2a8cf3817b048) Importer(815301076,1909f56bfc062723c751e8b465ee728b)
Start importing Assets/Battle/PrefabBrush.asset using Guid(bfc2b5ff9b50b914c9c2a8cf3817b048) Importer(815301076,1909f56bfc062723c751e8b465ee728b)  -> (artifact id: '91c93dc0c74286c9cb07618b0a0d5ab2') in 0.003038 seconds
  Import took 0.007338 seconds .

========================================================================
Received Prepare
Registering precompiled user dll's ...
Registered in 0.002717 seconds.
Begin MonoManager ReloadAssembly
Native extension for WindowsStandalone target not found
Native extension for OSXStandalone target not found
Refreshing native plugins compatible for Editor in 0.52 ms, found 2 plugins.
Preloading 0 native plugins for Editor in 0.00 ms.
Mono: successfully reloaded assembly
- Completed reload, in  1.290 seconds
Platform modules already initialized, skipping
Refreshing native plugins compatible for Editor in 0.42 ms, found 2 plugins.
Preloading 0 native plugins for Editor in 0.00 ms.
Unloading 1818 Unused Serialized files (Serialized files now loaded: 0)
System memory in use before: 155.0 MB.
System memory in use after: 155.0 MB.

Unloading 12 unused Assets to reduce memory usage. Loaded Objects now: 2275.
Total: 2.346855 ms (FindLiveObjects: 0.211459 ms CreateObjectMapping: 0.070692 ms MarkObjects: 1.870503 ms  DeleteObjects: 0.192170 ms)

========================================================================
Received Prepare
Registering precompiled user dll's ...
Registered in 0.000829 seconds.
Begin MonoManager ReloadAssembly
Native extension for WindowsStandalone target not found
Native extension for OSXStandalone target not found
Refreshing native plugins compatible for Editor in 0.66 ms, found 2 plugins.
Preloading 0 native plugins for Editor in 0.00 ms.
Mono: successfully reloaded assembly
- Completed reload, in  1.295 seconds
Platform modules already initialized, skipping
Refreshing native plugins compatible for Editor in 0.63 ms, found 2 plugins.
Preloading 0 native plugins for Editor in 0.00 ms.
Unloading 1818 Unused Serialized files (Serialized files now loaded: 0)
System memory in use before: 155.3 MB.
System memory in use after: 155.2 MB.

Unloading 12 unused Assets to reduce memory usage. Loaded Objects now: 2279.
Total: 3.977738 ms (FindLiveObjects: 0.566603 ms CreateObjectMapping: 0.187037 ms MarkObjects: 3.093942 ms  DeleteObjects: 0.128111 ms)

========================================================================
Received Import Request.
  Time since last request: 142.476955 seconds.
  path: Assets/Battle/BatlleSprites
  artifactKey: Guid(8fa500b53792c5c469bb22b6b0a82e49) Importer(815301076,1909f56bfc062723c751e8b465ee728b)
Start importing Assets/Battle/BatlleSprites using Guid(8fa500b53792c5c469bb22b6b0a82e49) Importer(815301076,1909f56bfc062723c751e8b465ee728b)  -> (artifact id: 'e956a6f761734e293182688115f4755b') in 0.007829 seconds
  Import took 0.014489 seconds .

========================================================================
Received Import Request.
  Time since last request: 0.128710 seconds.
  path: Assets/Battle/BatlleSprites/Dragon_icon.png
  artifactKey: Guid(aecb1d83b3612004886c581659899d22) Importer(815301076,1909f56bfc062723c751e8b465ee728b)
Start importing Assets/Battle/BatlleSprites/Dragon_icon.png using Guid(aecb1d83b3612004886c581659899d22) Importer(815301076,1909f56bfc062723c751e8b465ee728b)  -> (artifact id: '13008740a876f12e7e4e212f2954ef3b') in 0.614633 seconds
  Import took 0.618866 seconds .

========================================================================
Received Import Request.
  Time since last request: 0.000262 seconds.
  path: Assets/Battle/BatlleSprites/healthbar.png
  artifactKey: Guid(5d8c8377664518f4f9fad026193ddf1c) Importer(815301076,1909f56bfc062723c751e8b465ee728b)
Start importing Assets/Battle/BatlleSprites/healthbar.png using Guid(5d8c8377664518f4f9fad026193ddf1c) Importer(815301076,1909f56bfc062723c751e8b465ee728b)  -> (artifact id: 'f57dbbb71105de4d5730c7ae7bfb927d') in 0.015112 seconds
  Import took 0.019090 seconds .

========================================================================
Received Import Request.
  Time since last request: 0.000414 seconds.
  path: Assets/Battle/BatlleSprites/healthbarContainer.png
  artifactKey: Guid(2fcdb68496cd80a47aabcf0a91c60a54) Importer(815301076,1909f56bfc062723c751e8b465ee728b)
Start importing Assets/Battle/BatlleSprites/healthbarContainer.png using Guid(2fcdb68496cd80a47aabcf0a91c60a54) Importer(815301076,1909f56bfc062723c751e8b465ee728b)  -> (artifact id: 'b8dba556c621899bf5db0c5a3adda5c4') in 0.013345 seconds
  Import took 0.018724 seconds .

========================================================================
Received Import Request.
  Time since last request: 0.000366 seconds.
  path: Assets/Battle/BatlleSprites/gras.jpg
  artifactKey: Guid(0e69b573ab143b24281ef55754c75474) Importer(815301076,1909f56bfc062723c751e8b465ee728b)
Start importing Assets/Battle/BatlleSprites/gras.jpg using Guid(0e69b573ab143b24281ef55754c75474) Importer(815301076,1909f56bfc062723c751e8b465ee728b)  -> (artifact id: 'fec5efe140d9d0c17a600256edeb552e') in 0.012177 seconds
  Import took 0.018322 seconds .

========================================================================
Received Import Request.
  Time since last request: 0.000340 seconds.
  path: Assets/Battle/BatlleSprites/Knight_icon.png
  artifactKey: Guid(b8496bc71177da241819842bd5b6f728) Importer(815301076,1909f56bfc062723c751e8b465ee728b)
Start importing Assets/Battle/BatlleSprites/Knight_icon.png using Guid(b8496bc71177da241819842bd5b6f728) Importer(815301076,1909f56bfc062723c751e8b465ee728b)  -> (artifact id: '9c8c149c0fc572ad8ee83b9556e17c86') in 0.016536 seconds
  Import took 0.022484 seconds .

========================================================================
Received Import Request.
  Time since last request: 0.000254 seconds.
  path: Assets/Battle/BatlleSprites/healthbarContainer.png
  artifactKey: Guid(2fcdb68496cd80a47aabcf0a91c60a54) Importer(815301076,1909f56bfc062723c751e8b465ee728b)
Start importing Assets/Battle/BatlleSprites/healthbarContainer.png using Guid(2fcdb68496cd80a47aabcf0a91c60a54) Importer(815301076,1909f56bfc062723c751e8b465ee728b)  -> (artifact id: 'b8dba556c621899bf5db0c5a3adda5c4') in 0.009346 seconds
  Import took 0.015577 seconds .

========================================================================
Received Import Request.
  Time since last request: 0.000544 seconds.
  path: Assets/Battle/BatlleSprites/Knight_icon.png
  artifactKey: Guid(b8496bc71177da241819842bd5b6f728) Importer(815301076,1909f56bfc062723c751e8b465ee728b)
Start importing Assets/Battle/BatlleSprites/Knight_icon.png using Guid(b8496bc71177da241819842bd5b6f728) Importer(815301076,1909f56bfc062723c751e8b465ee728b)  -> (artifact id: '9c8c149c0fc572ad8ee83b9556e17c86') in 0.013377 seconds
  Import took 0.018063 seconds .

========================================================================
Received Import Request.
  Time since last request: 1.707007 seconds.
  path: Assets/Battle/BattlePrefabs
  artifactKey: Guid(db6576df74cb90d4c9a4cc4231b80b37) Importer(815301076,1909f56bfc062723c751e8b465ee728b)
Start importing Assets/Battle/BattlePrefabs using Guid(db6576df74cb90d4c9a4cc4231b80b37) Importer(815301076,1909f56bfc062723c751e8b465ee728b)  -> (artifact id: 'c5945eb4e8d8021df6dfbef76ad6c5bb') in 0.001481 seconds
  Import took 0.007150 seconds .

========================================================================
Received Import Request.
  Time since last request: 0.057181 seconds.
  path: Assets/Battle/BattlePrefabs/Dragon.prefab
  artifactKey: Guid(15f6f973fee204243b6da50bc38ee6a7) Importer(815301076,1909f56bfc062723c751e8b465ee728b)
Start importing Assets/Battle/BattlePrefabs/Dragon.prefab using Guid(15f6f973fee204243b6da50bc38ee6a7) Importer(815301076,1909f56bfc062723c751e8b465ee728b)  -> (artifact id: '23f4afcb5814c02b4c70decb486dee94') in 0.264961 seconds
  Import took 0.268746 seconds .

========================================================================
Received Import Request.
  Time since last request: 0.000221 seconds.
  path: Assets/Battle/BattlePrefabs/Healthbar.prefab
  artifactKey: Guid(a318be17450daa74da951b3b43c2d117) Importer(815301076,1909f56bfc062723c751e8b465ee728b)
Start importing Assets/Battle/BattlePrefabs/Healthbar.prefab using Guid(a318be17450daa74da951b3b43c2d117) Importer(815301076,1909f56bfc062723c751e8b465ee728b)  -> (artifact id: '3ee9291d5abe0a3738fad7e81955bd7a') in 0.015408 seconds
  Import took 0.019262 seconds .

========================================================================
Received Import Request.
  Time since last request: 0.000315 seconds.
  path: Assets/Battle/BattlePrefabs/Knight.prefab
  artifactKey: Guid(6961e1a1715d45a4ba47f061ef66bcf9) Importer(815301076,1909f56bfc062723c751e8b465ee728b)
Start importing Assets/Battle/BattlePrefabs/Knight.prefab using Guid(6961e1a1715d45a4ba47f061ef66bcf9) Importer(815301076,1909f56bfc062723c751e8b465ee728b)  -> (artifact id: '70c032fe19e3750660b2911a7f9d625b') in 0.019852 seconds
  Import took 0.024492 seconds .

========================================================================
Received Import Request.
  Time since last request: 0.000404 seconds.
  path: Assets/Battle/BattlePrefabs/EntityCard.prefab
  artifactKey: Guid(b0ccf4b8d7866f64f94c00101d768468) Importer(815301076,1909f56bfc062723c751e8b465ee728b)
Start importing Assets/Battle/BattlePrefabs/EntityCard.prefab using Guid(b0ccf4b8d7866f64f94c00101d768468) Importer(815301076,1909f56bfc062723c751e8b465ee728b)  -> (artifact id: '02aa2845ec9d91bb8f7d0a44c0a112ec') in 0.026635 seconds
  Import took 0.030649 seconds .

========================================================================
Received Import Request.
  Time since last request: 0.000290 seconds.
  path: Assets/Battle/BattlePrefabs/SingleGreenDarkTile (15) Variant.prefab
  artifactKey: Guid(86db21f6379d7ff469590d5208f44e97) Importer(815301076,1909f56bfc062723c751e8b465ee728b)
Start importing Assets/Battle/BattlePrefabs/SingleGreenDarkTile (15) Variant.prefab using Guid(86db21f6379d7ff469590d5208f44e97) Importer(815301076,1909f56bfc062723c751e8b465ee728b)  -> (artifact id: '4a245e2d2dc1b71843fee0a24f190452') in 0.010844 seconds
  Import took 0.014604 seconds .

========================================================================
Received Import Request.
  Time since last request: 0.000308 seconds.
  path: Assets/Battle/BattlePrefabs/SingleGreenTile.prefab
  artifactKey: Guid(24f7315364bacbe47b3569532361e4f3) Importer(815301076,1909f56bfc062723c751e8b465ee728b)
Start importing Assets/Battle/BattlePrefabs/SingleGreenTile.prefab using Guid(24f7315364bacbe47b3569532361e4f3) Importer(815301076,1909f56bfc062723c751e8b465ee728b)  -> (artifact id: '47cdbc04439bb4cf2f658746eae697ee') in 0.012747 seconds
  Import took 0.016447 seconds .

========================================================================
Received Import Request.
  Time since last request: 0.031966 seconds.
  path: Assets/Battle/BattlePrefabs/SingleGreenDarkTile (15) Variant.prefab
  artifactKey: Guid(86db21f6379d7ff469590d5208f44e97) Importer(815301076,1909f56bfc062723c751e8b465ee728b)
Start importing Assets/Battle/BattlePrefabs/SingleGreenDarkTile (15) Variant.prefab using Guid(86db21f6379d7ff469590d5208f44e97) Importer(815301076,1909f56bfc062723c751e8b465ee728b)  -> (artifact id: '4a245e2d2dc1b71843fee0a24f190452') in 0.014520 seconds
  Import took 0.017980 seconds .

========================================================================
Received Import Request.
  Time since last request: 1.840903 seconds.
  path: Assets/Battle/BattleScripts
  artifactKey: Guid(15fd9650fb6ae5643a4903468a33cabb) Importer(815301076,1909f56bfc062723c751e8b465ee728b)
Start importing Assets/Battle/BattleScripts using Guid(15fd9650fb6ae5643a4903468a33cabb) Importer(815301076,1909f56bfc062723c751e8b465ee728b)  -> (artifact id: 'd4de96fb3ab1d4a39cbf7659e581b7ee') in 0.001894 seconds
  Import took 0.007998 seconds .

========================================================================
Received Import Request.
  Time since last request: 2.633253 seconds.
  path: Assets/Battle/BattleScripts/battle
  artifactKey: Guid(7193ca283d34f18409d67a73ee36fcbc) Importer(815301076,1909f56bfc062723c751e8b465ee728b)
Start importing Assets/Battle/BattleScripts/battle using Guid(7193ca283d34f18409d67a73ee36fcbc) Importer(815301076,1909f56bfc062723c751e8b465ee728b)  -> (artifact id: '6bb7fe1eda3ae5659654d74f890d3977') in 0.001737 seconds
  Import took 0.007467 seconds .

========================================================================
Received Import Request.
  Time since last request: 0.064781 seconds.
  path: Assets/Battle/BattleScripts/battle/Battle.prefab
  artifactKey: Guid(fc86aab50db5e434a80f840a006b89f0) Importer(815301076,1909f56bfc062723c751e8b465ee728b)
Start importing Assets/Battle/BattleScripts/battle/Battle.prefab using Guid(fc86aab50db5e434a80f840a006b89f0) Importer(815301076,1909f56bfc062723c751e8b465ee728b)  -> (artifact id: '469bf1fc8eb86e78ee93db4b5222f418') in 0.006105 seconds
  Import took 0.009784 seconds .

========================================================================
Received Prepare
Registering precompiled user dll's ...
Registered in 0.002274 seconds.
Begin MonoManager ReloadAssembly
Native extension for WindowsStandalone target not found
Native extension for OSXStandalone target not found
Refreshing native plugins compatible for Editor in 0.53 ms, found 2 plugins.
Preloading 0 native plugins for Editor in 0.00 ms.
Mono: successfully reloaded assembly
- Completed reload, in  1.181 seconds
Platform modules already initialized, skipping
Refreshing native plugins compatible for Editor in 0.62 ms, found 2 plugins.
Preloading 0 native plugins for Editor in 0.00 ms.
Unloading 1818 Unused Serialized files (Serialized files now loaded: 0)
System memory in use before: 164.4 MB.
System memory in use after: 164.4 MB.

Unloading 12 unused Assets to reduce memory usage. Loaded Objects now: 2293.
Total: 2.936854 ms (FindLiveObjects: 0.253260 ms CreateObjectMapping: 0.216065 ms MarkObjects: 2.330473 ms  DeleteObjects: 0.134567 ms)

